nohup: ignoring input
training
[Parallel(n_jobs=1)]: Using backend SequentialBackend with 1 concurrent workers.
[Parallel(n_jobs=1)]: Done   1 out of   1 | elapsed:  3.7min finished
0.6066597230353941
 This problem is unconstrained.
RUNNING THE L-BFGS-B CODE

           * * *

Machine precision = 2.220D-16
 N =       200001     M =           10

At X0         0 variables are exactly at the bounds

At iterate    0    f=  3.07336D+05    |proj g|=  1.62890D+04

At iterate   50    f=  2.76489D+05    |proj g|=  3.58769D+02

At iterate  100    f=  2.66976D+05    |proj g|=  2.04803D+03

At iterate  150    f=  2.65271D+05    |proj g|=  1.93156D+02

At iterate  200    f=  2.64869D+05    |proj g|=  1.83253D+02

At iterate  250    f=  2.64826D+05    |proj g|=  1.07021D+02

At iterate  300    f=  2.64817D+05    |proj g|=  3.16653D+01

At iterate  350    f=  2.64815D+05    |proj g|=  3.59740D+01

           * * *

Tit   = total number of iterations
Tnf   = total number of function evaluations
Tnint = total number of segments explored during Cauchy searches
Skip  = number of BFGS updates skipped
Nact  = number of active bounds at final generalized Cauchy point
Projg = norm of the final projected gradient
F     = final function value

           * * *

   N    Tit     Tnf  Tnint  Skip  Nact     Projg        F
*****    386    454      1     0     0   1.374D+01   2.648D+05
  F =   264814.76418272994     

CONVERGENCE: REL_REDUCTION_OF_F_<=_FACTR*EPSMCH             

 Cauchy                time 0.000E+00 seconds.
 Subspace minimization time 0.000E+00 seconds.
 Line search           time 0.000E+00 seconds.

 Total User time 0.000E+00 seconds.

